( LIT, 0, 5 )
( CSP, 0, 0 ) 
( CSP, 0, 0 ) 
( CSP, 0, 0 ) 
( CSP, 0, 0 ) 
( CSP, 0, 0 ) 
( LAB, 0, 10) 
( LOD, 0, 0 )
( LIT, 0, 0 )
( OPR, 0, 9 )
( JPC, 0, 99) 
( LOD, 0, 1 ) 
( LOD, 0, 2 )
( OPR, 0, 12) 
( JPC, 0, 2 ) 
( JMP, 0, 21) 
( LAB, 0, 2 )  
( LOD, 0, 1 ) 
( LOD, 0, 2 )
( STO, 0, 1 ) 
( STO, 0, 2 ) 
( LAB, 0, 21)
( LOD, 0, 2 ) 
( LOD, 0, 3 )
( OPR, 0, 12) 
( JPC, 0, 3 ) 
( JMP, 0, 22) 
( LAB, 0, 3 )  
( LOD, 0, 2 ) 
( LOD, 0, 3 )
( STO, 0, 2 ) 
( STO, 0, 3 ) 
( LAB, 0, 22)
( LOD, 0, 3 )
( LOD, 0, 4 )
( OPR, 0, 12) 
( JPC, 0, 4 ) 
( JMP, 0, 23) 
( LAB, 0, 4 )  
( LOD, 0, 3 ) 
( LOD, 0, 4 )
( STO, 0, 3 ) 
( STO, 0, 4 ) 
( LAB, 0, 23)
( LOD, 0, 4 )
( LOD, 0, 5 )
( OPR, 0, 12) 
( JPC, 0, 5 ) 
( JMP, 0, 24) 
( LAB, 0, 5 )  
( LOD, 0, 4 ) 
( LOD, 0, 5 )
( STO, 0, 4 ) 
( STO, 0, 5 ) 
( LAB, 0, 24)
( LOD, 0, 0 )
( LIT, 0, 1 )
( OPR, 0, 3 )
( STO, 0, 0 )
( JMP, 0, 10) 
( LAB, 0, 99)
( CSP, 0, 1 )
( CSP, 0, 1 )
( CSP, 0, 1 )
( CSP, 0, 1 )
( CSP, 0, 1 )
( CSP, 0, 2 )
( OPR, 0, 0 )

